npm WARN deprecated wrench@1.5.8: wrench.js is deprecated! You should check out fs-extra (https://github.com/jprichardson/node-fs-extra) for any operations you were using wrench for. Thanks for all the usage over the years.
npm WARN deprecated circular-json@0.3.3: CircularJSON is in maintenance only, flatted is its successor.
npm WARN deprecated openport@0.0.4: Use portfinder
npm WARN optional SKIPPING OPTIONAL DEPENDENCY: fsevents@~2.3.2 (node_modules/chokidar/node_modules/fsevents):
npm WARN notsup SKIPPING OPTIONAL DEPENDENCY: Unsupported platform for fsevents@2.3.2: wanted {"os":"darwin","arch":"any"} (current: {"os":"linux","arch":"x64"})

npm ERR! Error while executing:
npm ERR! /usr/bin/git ls-remote -h -t git://github.com/f1lt3r/marked.git
npm ERR! 
npm ERR! fatal: unable to connect to github.com:
npm ERR! github.com[0: 192.30.255.112]: errno=Connection timed out
npm ERR! 
npm ERR! 
npm ERR! exited with error code: 128

npm ERR! A complete log of this run can be found in:
npm ERR!     /homes/gws/reshabh/.npm/_logs/2022-11-03T04_27_47_477Z-debug.log
npm WARN deprecated wrench@1.5.8: wrench.js is deprecated! You should check out fs-extra (https://github.com/jprichardson/node-fs-extra) for any operations you were using wrench for. Thanks for all the usage over the years.
npm WARN deprecated circular-json@0.3.3: CircularJSON is in maintenance only, flatted is its successor.
npm WARN deprecated openport@0.0.4: Use portfinder
npm WARN optional SKIPPING OPTIONAL DEPENDENCY: fsevents@~2.3.2 (node_modules/chokidar/node_modules/fsevents):
npm WARN notsup SKIPPING OPTIONAL DEPENDENCY: Unsupported platform for fsevents@2.3.2: wanted {"os":"darwin","arch":"any"} (current: {"os":"linux","arch":"x64"})

npm ERR! Error while executing:
npm ERR! /usr/bin/git ls-remote -h -t git://github.com/f1lt3r/marked.git
npm ERR! 
npm ERR! fatal: unable to connect to github.com:
npm ERR! github.com[0: 192.30.255.113]: errno=Connection timed out
npm ERR! 
npm ERR! 
npm ERR! exited with error code: 128

npm ERR! A complete log of this run can be found in:
npm ERR!     /homes/gws/reshabh/.npm/_logs/2022-11-03T08_12_31_478Z-debug.log
